c:\users\jussi\desktop\cocosproject\proj.win32\debug.win32\menuscene.obj
c:\users\jussi\desktop\cocosproject\proj.win32\debug.win32\vc120.pdb
c:\users\jussi\desktop\cocosproject\proj.win32\debug.win32\vc120.idb
c:\users\jussi\desktop\cocosproject\proj.win32\debug.win32\splashscreen.obj
c:\users\jussi\desktop\cocosproject\proj.win32\debug.win32\appdelegate.obj
c:\users\jussi\desktop\cocosproject\proj.win32\debug.win32\helloworldscene.obj
c:\users\jussi\desktop\cocosproject\proj.win32\debug.win32\main.obj
c:\users\jussi\desktop\cocosproject\proj.win32\debug.win32\graphicsscene.obj
c:\users\jussi\desktop\cocosproject\proj.win32\debug.win32\newcocosproject.ilk
c:\users\jussi\desktop\cocosproject\proj.win32\debug.win32\newcocosproject.exe
c:\users\jussi\desktop\cocosproject\proj.win32\debug.win32\newcocosproject.pdb
c:\users\jussi\desktop\cocosproject\proj.win32\debug.win32\newcocosproject.lib
c:\users\jussi\desktop\cocosproject\proj.win32\debug.win32\newcocosproject.exp
c:\users\jussi\desktop\cocosproject\proj.win32\newcocosproject.cab
c:\users\jussi\desktop\cocosproject\proj.win32\debug.win32\game.res
c:\users\jussi\desktop\cocosproject\proj.win32\debug.win32\vc140.idb
c:\users\jussi\desktop\cocosproject\proj.win32\debug.win32\vc140.pdb
c:\users\jussi\desktop\cocosproject\proj.win32\debug.win32\newcocosproject.tlog\cl.command.1.tlog
c:\users\jussi\desktop\cocosproject\proj.win32\debug.win32\newcocosproject.tlog\cl.read.1.tlog
c:\users\jussi\desktop\cocosproject\proj.win32\debug.win32\newcocosproject.tlog\cl.write.1.tlog
c:\users\jussi\desktop\cocosproject\proj.win32\debug.win32\newcocosproject.tlog\link.command.1.tlog
c:\users\jussi\desktop\cocosproject\proj.win32\debug.win32\newcocosproject.tlog\link.read.1.tlog
c:\users\jussi\desktop\cocosproject\proj.win32\debug.win32\newcocosproject.tlog\link.write.1.tlog
c:\users\jussi\desktop\cocosproject\proj.win32\debug.win32\newcocosproject.tlog\newcocosproject.write.1u.tlog
c:\users\jussi\desktop\cocosproject\proj.win32\debug.win32\newcocosproject.tlog\rc.command.1.tlog
c:\users\jussi\desktop\cocosproject\proj.win32\debug.win32\newcocosproject.tlog\rc.read.1.tlog
c:\users\jussi\desktop\cocosproject\proj.win32\debug.win32\newcocosproject.tlog\rc.write.1.tlog
